android/build/outputs/logs/manifest-merger-debug-report.txt
-- Merging decision tree log ---
manifest
ADDED from MCMatch/android/AndroidManifest.xml:2:1-27:12
	package
		ADDED from MCMatch/android/AndroidManifest.xml:3:5-32
		INJECTED from MCMatch/android/AndroidManifest.xml
		INJECTED from MCMatch/android/AndroidManifest.xml
	android:versionName
		ADDED from MCMatch/android/AndroidManifest.xml:5:5-30
		INJECTED from MCMatch/android/AndroidManifest.xml
		INJECTED from MCMatch/android/AndroidManifest.xml
	android:versionCode
		ADDED from MCMatch/android/AndroidManifest.xml:4:5-28
		INJECTED from MCMatch/android/AndroidManifest.xml
		INJECTED from MCMatch/android/AndroidManifest.xml
	xmlns:android
		ADDED from MCMatch/android/AndroidManifest.xml:2:11-69
uses-sdk
ADDED from MCMatch/android/AndroidManifest.xml:7:5-73
	android:targetSdkVersion
		ADDED from MCMatch/android/AndroidManifest.xml:7:41-70
		INJECTED from MCMatch/android/AndroidManifest.xml
		INJECTED from MCMatch/android/AndroidManifest.xml
	android:minSdkVersion
		ADDED from MCMatch/android/AndroidManifest.xml:7:15-40
		INJECTED from MCMatch/android/AndroidManifest.xml
		INJECTED from MCMatch/android/AndroidManifest.xml
application
ADDED from MCMatch/android/AndroidManifest.xml:9:5-25:19
	android:label
		ADDED from MCMatch/android/AndroidManifest.xml:13:9-41
	android:debuggable
		ADDED from MCMatch/android/AndroidManifest.xml:11:9-34
	android:allowBackup
		ADDED from MCMatch/android/AndroidManifest.xml:10:9-35
	android:icon
		ADDED from MCMatch/android/AndroidManifest.xml:12:9-45
	android:theme
		ADDED from MCMatch/android/AndroidManifest.xml:14:9-40
activity#com.mygdx.mcmatch.AndroidLauncher
ADDED from MCMatch/android/AndroidManifest.xml:15:9-24:20
	android:screenOrientation
		ADDED from MCMatch/android/AndroidManifest.xml:18:13-51
	android:label
		ADDED from MCMatch/android/AndroidManifest.xml:17:13-45
	android:configChanges
		ADDED from MCMatch/android/AndroidManifest.xml:19:13-83
	android:name
		ADDED from MCMatch/android/AndroidManifest.xml:16:13-61
intent-filter#android.intent.action.MAIN+android.intent.category.LAUNCHER
ADDED from MCMatch/android/AndroidManifest.xml:20:13-23:29
action#android.intent.action.MAIN
ADDED from MCMatch/android/AndroidManifest.xml:21:17-69
	android:name
		ADDED from MCMatch/android/AndroidManifest.xml:21:25-66
category#android.intent.category.LAUNCHER
ADDED from MCMatch/android/AndroidManifest.xml:22:17-77
	android:name
		ADDED from MCMatch/android/AndroidManifest.xml:22:27-74